INFO:root:b"\x80\x04\x95'\x00\x00\x00\x00\x00\x00\x00\x8c#inicio sesi\xc3\xb3n: 2023-05-15 07:41:40\x94."
INFO:root:b'<Alta> Dosis: 7, Muertos: 8 | 2023-05-15 07:42:06'
INFO:root:inicio sesión: 2023-05-15 07:51:46
INFO:root:<Baja> Dosis: 5.2, Muertos: 6.1 | 2023-05-15 07:51:50
INFO:root:---- INICIO SESION: 2023-05-15 07:55:40 ----
INFO:root:---- FIN DE SESION 2023-05-15 07:55:42 ----
INFO:root:---- INICIO SESION: 2023-05-15 07:58:08 ----
INFO:root:<Baja> Dosis: 4.0, Muertos: 2.8 | 2023-05-15 07:58:17
INFO:root:---- FIN DE SESION 2023-05-15 07:58:20 ----
INFO:root:---- INICIO SESION: 2023-05-15 08:04:53 ----
INFO:root:<Alta> Dosis: 1, Muertos: 1 | 2023-05-15 08:04:59
INFO:root:<Baja> Dosis: 1.0, Muertos: 1.0 | 2023-05-15 08:05:02
INFO:root:---- FIN DE SESION 2023-05-15 08:05:05 ----
INFO:root:---- INICIO SESION: 2023-05-15 08:07:30 ----
INFO:root:<Baja> Dosis: 3.0, Muertos: 2.0 | 2023-05-15 08:07:41
INFO:root:---- FIN DE SESION 2023-05-15 08:07:46 ----
INFO:root:---- INICIO SESION: 2023-05-16 06:25:13 ----
INFO:root:---- FIN DE SESION 2023-05-16 06:25:22 ----
INFO:root:---- INICIO SESION: 2023-05-16 06:26:26 ----
INFO:root:<Baja> Dosis: 5.0, Muertos: 3.0 | 2023-05-16 06:26:30
INFO:root:---- FIN DE SESION 2023-05-16 06:30:32 ----
INFO:root:---- INICIO SESION: 2023-05-16 06:30:35 ----
INFO:root:<Alta> Dosis: 1, Muertos: 1 | 2023-05-16 06:30:41
INFO:root:<Baja> Dosis: 1.0, Muertos: 1.0 | 2023-05-16 06:30:44
INFO:root:---- FIN DE SESION 2023-05-16 06:31:14 ----
INFO:root:---- INICIO SESION: 2023-05-16 06:31:18 ----
INFO:root:<Alta> Dosis: 1, Muertos: 1 | 2023-05-16 06:31:27
INFO:root:<Baja> Dosis: 1.0, Muertos: 1.0 | 2023-05-16 06:31:29
INFO:root:---- FIN DE SESION 2023-05-16 06:31:32 ----
INFO:root:---- INICIO SESION: 2023-05-16 06:35:18 ----
INFO:root:<Baja> Dosis: 4.1, Muertos: 1.9 | 2023-05-16 06:35:20
INFO:root:---- FIN DE SESION 2023-05-16 06:35:23 ----
INFO:root:---- INICIO SESION: 2023-05-16 06:39:27 ----
INFO:root:<Alta> Dosis: 1, Muertos: 1 | 2023-05-16 06:39:32
INFO:root:<Baja> Dosis: 1.0, Muertos: 1.0 | 2023-05-16 06:39:35
INFO:root:---- FIN DE SESION 2023-05-16 06:39:38 ----
INFO:root:---- INICIO SESION: 2023-05-16 06:44:39 ----
INFO:root:<Alta> Dosis: 1, Muertos: 1 | 2023-05-16 06:44:46
INFO:root:<Baja> Dosis: 1.0, Muertos: 1.0 | 2023-05-16 06:44:48
INFO:root:---- FIN DE SESION 2023-05-16 06:44:51 ----
INFO:root:---- INICIO SESION: 2023-05-16 06:49:36 ----
INFO:root:<Baja> Dosis: 7.0, Muertos: 8.0 | 2023-05-16 06:49:39
INFO:root:---- FIN DE SESION 2023-05-16 06:49:42 ----
INFO:root:---- INICIO SESION: 2023-05-16 06:51:58 ----
INFO:root:<Alta> Dosis: 2, Muertos: 2 | 2023-05-16 06:52:04
INFO:root:<Baja> Dosis: 2.0, Muertos: 2.0 | 2023-05-16 06:52:06
INFO:root:---- FIN DE SESION 2023-05-16 06:52:10 ----
INFO:root:---- INICIO SESION: 2023-05-16 06:54:15 ----
INFO:root:<Alta> Dosis: 1, Muertos: 1 | 2023-05-16 06:54:46
INFO:root:<Baja> Dosis: 1.0, Muertos: 1.0 | 2023-05-16 06:54:48
INFO:root:---- FIN DE SESION 2023-05-16 06:54:50 ----
INFO:root:---- INICIO SESION: 2023-05-16 06:56:39 ----
INFO:root:<Alta> Dosis: 1, Muertos: 1 | 2023-05-16 06:56:48
INFO:root:<Baja> Dosis: 1.0, Muertos: 1.0 | 2023-05-16 06:56:50
INFO:root:---- FIN DE SESION 2023-05-16 06:56:53 ----
INFO:root:---- INICIO SESION: 2023-05-16 06:59:22 ----
INFO:root:<Alta> Dosis: 1, Muertos: 1 | 2023-05-16 06:59:28
INFO:root:<Baja> Dosis: 1.0, Muertos: 1.0 | 2023-05-16 06:59:30
INFO:root:---- FIN DE SESION 2023-05-16 06:59:33 ----
INFO:root:---- INICIO SESION: 2023-05-16 07:10:49 ----
INFO:root:<Alta> Dosis: 1, Muertos: 1 | 2023-05-16 07:10:56
INFO:root:<Baja> Dosis: 1.0, Muertos: 1.0 | 2023-05-16 07:10:59
INFO:root:---- FIN DE SESION 2023-05-16 07:11:03 ----
INFO:root:---- INICIO SESION: 2023-05-16 07:13:33 ----
INFO:root:<Alta> Dosis: 2, Muertos: 2 | 2023-05-16 07:13:42
INFO:root:<Baja> Dosis: 2.0, Muertos: 2.0 | 2023-05-16 07:13:44
INFO:root:---- FIN DE SESION 2023-05-16 07:13:47 ----
INFO:root:---- INICIO SESION: 2023-05-16 07:16:42 ----
INFO:root:<Alta> Dosis: 1, Muertos: 1 | 2023-05-16 07:16:53
INFO:root:<Baja> Dosis: 1.0, Muertos: 1.0 | 2023-05-16 07:16:54
INFO:root:---- FIN DE SESION 2023-05-16 07:16:57 ----
INFO:root:---- INICIO SESION: 2023-05-16 07:17:40 ----
INFO:root:<Alta> Dosis: 1, Muertos: 1 | 2023-05-16 07:17:45
INFO:root:<Baja> Dosis: 1.0, Muertos: 1.0 | 2023-05-16 07:17:47
INFO:root:---- FIN DE SESION 2023-05-16 07:17:51 ----
INFO:root:---- INICIO SESION: 2023-05-16 07:19:05 ----
INFO:root:<Alta> Dosis: 2, Muertos: 2 | 2023-05-16 07:19:11
INFO:root:<Baja> Dosis: 2.0, Muertos: 2.0 | 2023-05-16 07:19:13
INFO:root:---- FIN DE SESION 2023-05-16 07:19:16 ----
INFO:root:---- INICIO SESION: 2023-05-16 07:20:33 ----
INFO:root:<Alta> Dosis: 1, Muertos: 1 | 2023-05-16 07:20:37
INFO:root:<Baja> Dosis: 1.0, Muertos: 1.0 | 2023-05-16 07:20:39
INFO:root:---- FIN DE SESION 2023-05-16 07:20:42 ----
INFO:root:---- INICIO SESION: 2023-05-16 07:22:26 ----
INFO:root:<Alta> Dosis: 11, Muertos: 1 | 2023-05-16 07:22:31
INFO:root:<Baja> Dosis: 11.0, Muertos: 1.0 | 2023-05-16 07:22:33
INFO:root:---- FIN DE SESION 2023-05-16 07:22:38 ----
INFO:root:---- INICIO SESION: 2023-05-16 07:24:56 ----
INFO:root:<Alta> Dosis: 4, Muertos: 4 | 2023-05-16 07:25:01
INFO:root:<Baja> Dosis: 4.0, Muertos: 4.0 | 2023-05-16 07:25:03
INFO:root:---- FIN DE SESION 2023-05-16 07:25:05 ----
INFO:root:---- INICIO SESION: 2023-05-16 07:30:15 ----
INFO:root:<Alta> Dosis: 12, Muertos: 16 | 2023-05-16 07:30:27
INFO:root:<Baja> Dosis: 12.0, Muertos: 16.0 | 2023-05-16 07:30:29
INFO:root:---- FIN DE SESION 2023-05-16 07:30:32 ----
INFO:root:---- INICIO SESION: 2023-05-16 07:31:42 ----
INFO:root:<Alta> Dosis: 1, Muertos: 12 | 2023-05-16 07:31:51
INFO:root:<Baja> Dosis: 1.0, Muertos: 12.0 | 2023-05-16 07:31:53
INFO:root:---- FIN DE SESION 2023-05-16 07:31:57 ----
INFO:root:---- INICIO SESION: 2023-05-16 07:46:37 ----
INFO:root:<Baja> Dosis: 1.0, Muertos: 0.5 | 2023-05-16 07:46:40
INFO:root:---- FIN DE SESION 2023-05-16 07:46:42 ----
INFO:root:---- INICIO SESION: 2023-05-16 07:49:01 ----
INFO:root:<Alta> Dosis: 1, Muertos: 1 | 2023-05-16 07:49:05
INFO:root:<Baja> Dosis: 1.0, Muertos: 1.0 | 2023-05-16 07:49:06
INFO:root:---- FIN DE SESION 2023-05-16 07:49:10 ----
INFO:root:---- INICIO SESION: 2023-05-16 07:50:38 ----
INFO:root:<Alta> Dosis: 1, Muertos: 1 | 2023-05-16 07:50:44
INFO:root:<Modificacion>  (Dosis: 7, Muertos: 8) => (Dosis: 1.0, Muertos: 1.0)
INFO:root:---- FIN DE SESION 2023-05-16 07:51:07 ----
INFO:root:---- INICIO SESION: 2023-05-16 07:52:26 ----
INFO:root:<Modificacion>  (Dosis: 7.0, Muertos: 8.0) => (Dosis: 7.1, Muertos: 8.1)
INFO:root:---- FIN DE SESION 2023-05-16 07:52:45 ----
INFO:root:---- INICIO SESION: 2023-05-17 07:08:43 ----
INFO:root:---- FIN DE SESION 2023-05-17 07:08:59 ----
INFO:root:---- INICIO SESION: 2023-05-17 07:13:18 ----
INFO:root:---- FIN DE SESION 2023-05-17 07:13:47 ----
INFO:root:---- INICIO SESION: 2023-05-17 07:13:51 ----
INFO:root:---- FIN DE SESION 2023-05-17 07:13:56 ----
INFO:root:---- INICIO SESION: 2023-05-17 07:16:37 ----
INFO:root:---- FIN DE SESION 2023-05-17 07:17:04 ----
INFO:root:---- INICIO SESION: 2023-05-17 07:20:37 ----
INFO:root:---- FIN DE SESION 2023-05-17 07:25:37 ----
INFO:root:---- INICIO SESION: 2023-05-17 07:25:40 ----
INFO:root:---- FIN DE SESION 2023-05-17 07:26:03 ----
INFO:root:---- INICIO SESION: 2023-05-17 07:29:56 ----
INFO:root:---- FIN DE SESION 2023-05-17 07:30:10 ----
INFO:root:---- INICIO SESION: 2023-05-17 07:32:26 ----
INFO:root:---- FIN DE SESION 2023-05-17 07:32:43 ----
INFO:root:---- INICIO SESION: 2023-05-17 07:57:36 ----
INFO:root:<Alta> Dosis: 1, Muertos: 1 | 2023-05-17 07:57:50
INFO:root:<Modificacion>  (Dosis: 7.1, Muertos: 8.1) => (Dosis: 1, Muertos: 1)
INFO:root:<Modificacion>  (Dosis: 1.0, Muertos: 1.0) => (Dosis: 1, Muertos: 1)
INFO:root:<Baja> Dosis: 1.0, Muertos: 1.0 | 2023-05-17 07:58:14
INFO:root:---- FIN DE SESION 2023-05-17 07:58:24 ----
INFO:root:---- INICIO SESION: 2023-05-17 07:59:57 ----
INFO:root:<Modificacion>  (Dosis: 1.0, Muertos: 1.0) => (Dosis: 1, Muertos: 1) | 2023-05-17 08:00:05
INFO:root:---- FIN DE SESION 2023-05-17 08:00:09 ----
INFO:root:---- INICIO SESION: 2023-05-17 08:07:33 ----
INFO:root:---- FIN DE SESION: 2023-05-17 08:07:38 ----
